<?xml version="1.0" encoding="utf-8" standalone="no"?>
<test-results xmlns:xsi="http://www.w3.org/2001/XMLSchema-instance" xsi:noNamespaceSchemaLocation="nunit_schema_2.5.xsd" name="Pester" total="0" errors="0" failures="0" not-run="0" inconclusive="0" ignored="0" skipped="0" invalid="0" date="2022-06-01" time="19:58:48">
  <environment os-version="10.0.19044" nunit-version="2.5.8.0" machine-name="1460YT2" user="bchapin" platform="Microsoft Windows 10 Pro for Workstations|C:\WINDOWS|\Device\Harddisk0\Partition4" clr-version="Unknown" cwd="C:\Users\bchapin\Documents\GitHub\Proofpoint.TAP" user-domain="CORP" />
  <culture-info current-culture="en-US" current-uiculture="en-US" />
  <test-suite type="TestFixture" name="Pester" executed="True" result="Success" success="True" time="0.173" asserts="0" description="Pester">
    <results />
  </test-suite>
</test-results>